<?xml version="1.0" encoding="UTF-8"?>
<!-- Generated by org.testng.reporters.JUnitXMLReporter -->
<testsuite hostname="Murats-MBP.attlocal.net" ignored="0" name="Test" tests="7" failures="0" timestamp="2021-10-03T11:42:44 PDT" time="0.103" errors="0">
  <testcase name="testOne" time="0.01" classname="com.neotech.lesson01.TestNGDemo"/>
  <testcase name="testThree" time="0.004" classname="com.neotech.lesson01.TestNGDemo"/>
  <testcase name="testTwo" time="0.001" classname="com.neotech.lesson01.TestNGDemo"/>
  <testcase name="firstTest" time="0.004" classname="com.neotech.lesson02.PriorityDemo"/>
  <testcase name="secondTest" time="0.002" classname="com.neotech.lesson02.PriorityDemo"/>
  <testcase name="thirdTest" time="0.001" classname="com.neotech.lesson02.PriorityDemo"/>
  <testcase name="fourthTest" time="0.005" classname="com.neotech.lesson02.PriorityDemo"/>
</testsuite> <!-- Test -->
