<?xml version="1.0" encoding="UTF-8"?>
<testng-results skipped="0" failed="0" ignored="0" total="1" passed="1">
  <reporter-output>
  </reporter-output>
  <suite name="Default suite" duration-ms="12896" started-at="2021-10-17T17:17:37 EDT" finished-at="2021-10-17T17:17:50 EDT">
    <groups>
    </groups>
    <test name="Default test" duration-ms="12896" started-at="2021-10-17T17:17:37 EDT" finished-at="2021-10-17T17:17:50 EDT">
      <class name="com.neotech.lesson02.SoftAssertDemo">
        <test-method status="PASS" signature="setUp()[pri:0, instance:com.neotech.lesson02.SoftAssertDemo@2bbf4b8b]" name="setUp" is-config="true" duration-ms="5445" started-at="2021-10-17T17:17:37 EDT" finished-at="2021-10-17T17:17:43 EDT">
          <reporter-output>
          </reporter-output>
        </test-method> <!-- setUp -->
        <test-method status="PASS" signature="openAndNavigate()[pri:0, instance:com.neotech.lesson02.SoftAssertDemo@2bbf4b8b]" name="openAndNavigate" is-config="true" duration-ms="4662" started-at="2021-10-17T17:17:43 EDT" finished-at="2021-10-17T17:17:48 EDT">
          <reporter-output>
          </reporter-output>
        </test-method> <!-- openAndNavigate -->
        <test-method status="PASS" signature="logoAndWelcomeValidation()[pri:0, instance:com.neotech.lesson02.SoftAssertDemo@2bbf4b8b]" name="logoAndWelcomeValidation" duration-ms="2663" started-at="2021-10-17T17:17:48 EDT" finished-at="2021-10-17T17:17:50 EDT">
          <reporter-output>
          </reporter-output>
        </test-method> <!-- logoAndWelcomeValidation -->
        <test-method status="PASS" signature="quitBrowser()[pri:0, instance:com.neotech.lesson02.SoftAssertDemo@2bbf4b8b]" name="quitBrowser" is-config="true" duration-ms="76" started-at="2021-10-17T17:17:50 EDT" finished-at="2021-10-17T17:17:50 EDT">
          <reporter-output>
          </reporter-output>
        </test-method> <!-- quitBrowser -->
        <test-method status="PASS" signature="tearDown()[pri:0, instance:com.neotech.lesson02.SoftAssertDemo@2bbf4b8b]" name="tearDown" is-config="true" duration-ms="1" started-at="2021-10-17T17:17:50 EDT" finished-at="2021-10-17T17:17:50 EDT">
          <reporter-output>
          </reporter-output>
        </test-method> <!-- tearDown -->
      </class> <!-- com.neotech.lesson02.SoftAssertDemo -->
    </test> <!-- Default test -->
  </suite> <!-- Default suite -->
</testng-results>
